{"C:\\LEARNING WORKSPACE\\PNX Online Locker\\Pernix-Online-Locker-MERN\\server\\server.js": {"path":"C:\\LEARNING WORKSPACE\\PNX Online Locker\\Pernix-Online-Locker-MERN\\server\\server.js","statementMap":{"0":{"start":{"line":1,"column":0},"end":{"line":1,"column":27}},"1":{"start":{"line":3,"column":16},"end":{"line":3,"column":34}},"2":{"start":{"line":4,"column":17},"end":{"line":4,"column":36}},"3":{"start":{"line":5,"column":21},"end":{"line":5,"column":48}},"4":{"start":{"line":6,"column":19},"end":{"line":6,"column":43}},"5":{"start":{"line":7,"column":18},"end":{"line":7,"column":47}},"6":{"start":{"line":8,"column":22},"end":{"line":8,"column":56}},"7":{"start":{"line":11,"column":12},"end":{"line":11,"column":21}},"8":{"start":{"line":14,"column":0},"end":{"line":14,"column":24}},"9":{"start":{"line":15,"column":0},"end":{"line":18,"column":3}},"10":{"start":{"line":16,"column":4},"end":{"line":16,"column":38}},"11":{"start":{"line":17,"column":4},"end":{"line":17,"column":11}},"12":{"start":{"line":21,"column":0},"end":{"line":23,"column":3}},"13":{"start":{"line":22,"column":4},"end":{"line":22,"column":30}},"14":{"start":{"line":24,"column":0},"end":{"line":24,"column":70}},"15":{"start":{"line":27,"column":0},"end":{"line":27,"column":38}},"16":{"start":{"line":28,"column":0},"end":{"line":28,"column":33}},"17":{"start":{"line":31,"column":26},"end":{"line":40,"column":1}},"18":{"start":{"line":32,"column":4},"end":{"line":39,"column":5}},"19":{"start":{"line":33,"column":8},"end":{"line":34,"column":11}},"20":{"start":{"line":35,"column":8},"end":{"line":35,"column":39}},"21":{"start":{"line":37,"column":8},"end":{"line":37,"column":62}},"22":{"start":{"line":38,"column":8},"end":{"line":38,"column":20}},"23":{"start":{"line":43,"column":20},"end":{"line":58,"column":1}},"24":{"start":{"line":44,"column":4},"end":{"line":57,"column":5}},"25":{"start":{"line":45,"column":8},"end":{"line":45,"column":34}},"26":{"start":{"line":46,"column":21},"end":{"line":46,"column":45}},"27":{"start":{"line":47,"column":23},"end":{"line":52,"column":10}},"28":{"start":{"line":48,"column":12},"end":{"line":48,"column":51}},"29":{"start":{"line":50,"column":25},"end":{"line":50,"column":55}},"30":{"start":{"line":51,"column":12},"end":{"line":51,"column":54}},"31":{"start":{"line":54,"column":8},"end":{"line":54,"column":22}},"32":{"start":{"line":56,"column":8},"end":{"line":56,"column":55}},"33":{"start":{"line":61,"column":0},"end":{"line":63,"column":1}},"34":{"start":{"line":62,"column":4},"end":{"line":62,"column":18}},"35":{"start":{"line":66,"column":0},"end":{"line":66,"column":21}}},"fnMap":{"0":{"name":"(anonymous_0)","decl":{"start":{"line":15,"column":8},"end":{"line":15,"column":9}},"loc":{"start":{"line":15,"column":28},"end":{"line":18,"column":1}},"line":15},"1":{"name":"(anonymous_1)","decl":{"start":{"line":21,"column":13},"end":{"line":21,"column":14}},"loc":{"start":{"line":21,"column":27},"end":{"line":23,"column":1}},"line":21},"2":{"name":"(anonymous_2)","decl":{"start":{"line":31,"column":26},"end":{"line":31,"column":27}},"loc":{"start":{"line":31,"column":38},"end":{"line":40,"column":1}},"line":31},"3":{"name":"(anonymous_3)","decl":{"start":{"line":43,"column":20},"end":{"line":43,"column":21}},"loc":{"start":{"line":43,"column":32},"end":{"line":58,"column":1}},"line":43},"4":{"name":"(anonymous_4)","decl":{"start":{"line":47,"column":40},"end":{"line":47,"column":41}},"loc":{"start":{"line":47,"column":52},"end":{"line":52,"column":9}},"line":47}},"branchMap":{"0":{"loc":{"start":{"line":46,"column":21},"end":{"line":46,"column":45}},"type":"binary-expr","locations":[{"start":{"line":46,"column":21},"end":{"line":46,"column":37}},{"start":{"line":46,"column":41},"end":{"line":46,"column":45}}],"line":46},"1":{"loc":{"start":{"line":61,"column":0},"end":{"line":63,"column":1}},"type":"if","locations":[{"start":{"line":61,"column":0},"end":{"line":63,"column":1}},{"start":{},"end":{}}],"line":61}},"s":{"0":1,"1":1,"2":1,"3":1,"4":1,"5":1,"6":1,"7":1,"8":1,"9":1,"10":20,"11":20,"12":1,"13":0,"14":1,"15":1,"16":1,"17":1,"18":0,"19":0,"20":0,"21":0,"22":0,"23":1,"24":0,"25":0,"26":0,"27":0,"28":0,"29":0,"30":0,"31":0,"32":0,"33":1,"34":0,"35":1},"f":{"0":20,"1":0,"2":0,"3":0,"4":0},"b":{"0":[0,0],"1":[0,1]},"_coverageSchema":"1a1c01bbd47fc00a2c39e90264f33305004495a9","hash":"34a6a6cb27ac124f1c22deebd62a790b972af27b"}
,"C:\\LEARNING WORKSPACE\\PNX Online Locker\\Pernix-Online-Locker-MERN\\server\\controller\\detailsController.js": {"path":"C:\\LEARNING WORKSPACE\\PNX Online Locker\\Pernix-Online-Locker-MERN\\server\\controller\\detailsController.js","statementMap":{"0":{"start":{"line":1,"column":15},"end":{"line":1,"column":47}},"1":{"start":{"line":2,"column":17},"end":{"line":2,"column":36}},"2":{"start":{"line":3,"column":15},"end":{"line":3,"column":52}},"3":{"start":{"line":6,"column":19},"end":{"line":14,"column":1}},"4":{"start":{"line":8,"column":20},"end":{"line":8,"column":32}},"5":{"start":{"line":11,"column":20},"end":{"line":11,"column":72}},"6":{"start":{"line":12,"column":4},"end":{"line":12,"column":33}},"7":{"start":{"line":18,"column":18},"end":{"line":42,"column":3}},"8":{"start":{"line":19,"column":19},"end":{"line":19,"column":29}},"9":{"start":{"line":21,"column":4},"end":{"line":21,"column":62}},"10":{"start":{"line":23,"column":4},"end":{"line":26,"column":5}},"11":{"start":{"line":24,"column":6},"end":{"line":24,"column":44}},"12":{"start":{"line":25,"column":6},"end":{"line":25,"column":63}},"13":{"start":{"line":28,"column":4},"end":{"line":41,"column":5}},"14":{"start":{"line":29,"column":21},"end":{"line":29,"column":46}},"15":{"start":{"line":30,"column":6},"end":{"line":30,"column":47}},"16":{"start":{"line":32,"column":6},"end":{"line":35,"column":7}},"17":{"start":{"line":33,"column":8},"end":{"line":33,"column":52}},"18":{"start":{"line":34,"column":8},"end":{"line":34,"column":65}},"19":{"start":{"line":37,"column":6},"end":{"line":37,"column":42}},"20":{"start":{"line":39,"column":6},"end":{"line":39,"column":55}},"21":{"start":{"line":40,"column":6},"end":{"line":40,"column":70}},"22":{"start":{"line":47,"column":21},"end":{"line":84,"column":1}},"23":{"start":{"line":48,"column":37},"end":{"line":48,"column":45}},"24":{"start":{"line":51,"column":22},"end":{"line":51,"column":24}},"25":{"start":{"line":53,"column":4},"end":{"line":55,"column":5}},"26":{"start":{"line":54,"column":8},"end":{"line":54,"column":37}},"27":{"start":{"line":56,"column":4},"end":{"line":58,"column":5}},"28":{"start":{"line":57,"column":8},"end":{"line":57,"column":41}},"29":{"start":{"line":59,"column":4},"end":{"line":61,"column":5}},"30":{"start":{"line":60,"column":8},"end":{"line":60,"column":32}},"31":{"start":{"line":62,"column":4},"end":{"line":64,"column":5}},"32":{"start":{"line":63,"column":8},"end":{"line":63,"column":44}},"33":{"start":{"line":68,"column":4},"end":{"line":70,"column":5}},"34":{"start":{"line":69,"column":8},"end":{"line":69,"column":84}},"35":{"start":{"line":74,"column":4},"end":{"line":83,"column":5}},"36":{"start":{"line":75,"column":27},"end":{"line":75,"column":40}},"37":{"start":{"line":77,"column":24},"end":{"line":77,"column":36}},"38":{"start":{"line":78,"column":23},"end":{"line":78,"column":91}},"39":{"start":{"line":79,"column":8},"end":{"line":79,"column":36}},"40":{"start":{"line":81,"column":8},"end":{"line":81,"column":52}},"41":{"start":{"line":88,"column":21},"end":{"line":107,"column":1}},"42":{"start":{"line":89,"column":19},"end":{"line":89,"column":29}},"43":{"start":{"line":91,"column":4},"end":{"line":93,"column":5}},"44":{"start":{"line":92,"column":8},"end":{"line":92,"column":65}},"45":{"start":{"line":95,"column":4},"end":{"line":106,"column":5}},"46":{"start":{"line":96,"column":23},"end":{"line":96,"column":65}},"47":{"start":{"line":98,"column":8},"end":{"line":100,"column":9}},"48":{"start":{"line":99,"column":12},"end":{"line":99,"column":69}},"49":{"start":{"line":102,"column":8},"end":{"line":102,"column":37}},"50":{"start":{"line":104,"column":8},"end":{"line":104,"column":55}},"51":{"start":{"line":105,"column":8},"end":{"line":105,"column":65}},"52":{"start":{"line":111,"column":21},"end":{"line":136,"column":1}},"53":{"start":{"line":112,"column":19},"end":{"line":112,"column":29}},"54":{"start":{"line":114,"column":4},"end":{"line":116,"column":5}},"55":{"start":{"line":115,"column":8},"end":{"line":115,"column":61}},"56":{"start":{"line":118,"column":4},"end":{"line":135,"column":5}},"57":{"start":{"line":119,"column":27},"end":{"line":119,"column":42}},"58":{"start":{"line":122,"column":8},"end":{"line":124,"column":9}},"59":{"start":{"line":123,"column":12},"end":{"line":123,"column":52}},"60":{"start":{"line":126,"column":30},"end":{"line":126,"column":93}},"61":{"start":{"line":128,"column":8},"end":{"line":130,"column":9}},"62":{"start":{"line":129,"column":12},"end":{"line":129,"column":71}},"63":{"start":{"line":132,"column":8},"end":{"line":132,"column":44}},"64":{"start":{"line":134,"column":8},"end":{"line":134,"column":55}},"65":{"start":{"line":140,"column":0},"end":{"line":146,"column":1}}},"fnMap":{"0":{"name":"(anonymous_0)","decl":{"start":{"line":6,"column":19},"end":{"line":6,"column":20}},"loc":{"start":{"line":6,"column":39},"end":{"line":14,"column":1}},"line":6},"1":{"name":"(anonymous_1)","decl":{"start":{"line":18,"column":18},"end":{"line":18,"column":19}},"loc":{"start":{"line":18,"column":38},"end":{"line":42,"column":3}},"line":18},"2":{"name":"(anonymous_2)","decl":{"start":{"line":47,"column":21},"end":{"line":47,"column":22}},"loc":{"start":{"line":47,"column":41},"end":{"line":84,"column":1}},"line":47},"3":{"name":"(anonymous_3)","decl":{"start":{"line":88,"column":21},"end":{"line":88,"column":22}},"loc":{"start":{"line":88,"column":41},"end":{"line":107,"column":1}},"line":88},"4":{"name":"(anonymous_4)","decl":{"start":{"line":111,"column":21},"end":{"line":111,"column":22}},"loc":{"start":{"line":111,"column":41},"end":{"line":136,"column":1}},"line":111}},"branchMap":{"0":{"loc":{"start":{"line":23,"column":4},"end":{"line":26,"column":5}},"type":"if","locations":[{"start":{"line":23,"column":4},"end":{"line":26,"column":5}},{"start":{},"end":{}}],"line":23},"1":{"loc":{"start":{"line":32,"column":6},"end":{"line":35,"column":7}},"type":"if","locations":[{"start":{"line":32,"column":6},"end":{"line":35,"column":7}},{"start":{},"end":{}}],"line":32},"2":{"loc":{"start":{"line":53,"column":4},"end":{"line":55,"column":5}},"type":"if","locations":[{"start":{"line":53,"column":4},"end":{"line":55,"column":5}},{"start":{},"end":{}}],"line":53},"3":{"loc":{"start":{"line":56,"column":4},"end":{"line":58,"column":5}},"type":"if","locations":[{"start":{"line":56,"column":4},"end":{"line":58,"column":5}},{"start":{},"end":{}}],"line":56},"4":{"loc":{"start":{"line":59,"column":4},"end":{"line":61,"column":5}},"type":"if","locations":[{"start":{"line":59,"column":4},"end":{"line":61,"column":5}},{"start":{},"end":{}}],"line":59},"5":{"loc":{"start":{"line":62,"column":4},"end":{"line":64,"column":5}},"type":"if","locations":[{"start":{"line":62,"column":4},"end":{"line":64,"column":5}},{"start":{},"end":{}}],"line":62},"6":{"loc":{"start":{"line":68,"column":4},"end":{"line":70,"column":5}},"type":"if","locations":[{"start":{"line":68,"column":4},"end":{"line":70,"column":5}},{"start":{},"end":{}}],"line":68},"7":{"loc":{"start":{"line":91,"column":4},"end":{"line":93,"column":5}},"type":"if","locations":[{"start":{"line":91,"column":4},"end":{"line":93,"column":5}},{"start":{},"end":{}}],"line":91},"8":{"loc":{"start":{"line":98,"column":8},"end":{"line":100,"column":9}},"type":"if","locations":[{"start":{"line":98,"column":8},"end":{"line":100,"column":9}},{"start":{},"end":{}}],"line":98},"9":{"loc":{"start":{"line":114,"column":4},"end":{"line":116,"column":5}},"type":"if","locations":[{"start":{"line":114,"column":4},"end":{"line":116,"column":5}},{"start":{},"end":{}}],"line":114},"10":{"loc":{"start":{"line":122,"column":8},"end":{"line":124,"column":9}},"type":"if","locations":[{"start":{"line":122,"column":8},"end":{"line":124,"column":9}},{"start":{},"end":{}}],"line":122},"11":{"loc":{"start":{"line":128,"column":8},"end":{"line":130,"column":9}},"type":"if","locations":[{"start":{"line":128,"column":8},"end":{"line":130,"column":9}},{"start":{},"end":{}}],"line":128}},"s":{"0":1,"1":1,"2":1,"3":1,"4":0,"5":0,"6":0,"7":1,"8":3,"9":3,"10":3,"11":1,"12":1,"13":2,"14":2,"15":2,"16":2,"17":1,"18":1,"19":1,"20":0,"21":0,"22":1,"23":0,"24":0,"25":0,"26":0,"27":0,"28":0,"29":0,"30":0,"31":0,"32":0,"33":0,"34":0,"35":0,"36":0,"37":0,"38":0,"39":0,"40":0,"41":1,"42":3,"43":3,"44":1,"45":2,"46":2,"47":2,"48":1,"49":1,"50":0,"51":0,"52":1,"53":3,"54":3,"55":1,"56":2,"57":2,"58":2,"59":0,"60":2,"61":2,"62":1,"63":1,"64":0,"65":1},"f":{"0":0,"1":3,"2":0,"3":3,"4":3},"b":{"0":[1,2],"1":[1,1],"2":[0,0],"3":[0,0],"4":[0,0],"5":[0,0],"6":[0,0],"7":[1,2],"8":[1,1],"9":[1,2],"10":[0,2],"11":[1,1]},"_coverageSchema":"1a1c01bbd47fc00a2c39e90264f33305004495a9","hash":"6ad8f7d4066c39eee4939b95b7cd9cf85324b77c"}
,"C:\\LEARNING WORKSPACE\\PNX Online Locker\\Pernix-Online-Locker-MERN\\server\\controller\\userController.js": {"path":"C:\\LEARNING WORKSPACE\\PNX Online Locker\\Pernix-Online-Locker-MERN\\server\\controller\\userController.js","statementMap":{"0":{"start":{"line":1,"column":13},"end":{"line":1,"column":43}},"1":{"start":{"line":2,"column":12},"end":{"line":2,"column":35}},"2":{"start":{"line":3,"column":15},"end":{"line":3,"column":32}},"3":{"start":{"line":4,"column":19},"end":{"line":4,"column":40}},"4":{"start":{"line":5,"column":15},"end":{"line":5,"column":32}},"5":{"start":{"line":6,"column":18},"end":{"line":6,"column":38}},"6":{"start":{"line":11,"column":20},"end":{"line":13,"column":1}},"7":{"start":{"line":12,"column":2},"end":{"line":12,"column":68}},"8":{"start":{"line":16,"column":18},"end":{"line":28,"column":1}},"9":{"start":{"line":17,"column":40},"end":{"line":17,"column":48}},"10":{"start":{"line":19,"column":2},"end":{"line":27,"column":3}},"11":{"start":{"line":20,"column":17},"end":{"line":20,"column":60}},"12":{"start":{"line":22,"column":18},"end":{"line":22,"column":39}},"13":{"start":{"line":24,"column":4},"end":{"line":24,"column":43}},"14":{"start":{"line":26,"column":4},"end":{"line":26,"column":51}},"15":{"start":{"line":31,"column":19},"end":{"line":43,"column":1}},"16":{"start":{"line":32,"column":40},"end":{"line":32,"column":48}},"17":{"start":{"line":34,"column":2},"end":{"line":42,"column":3}},"18":{"start":{"line":35,"column":17},"end":{"line":35,"column":61}},"19":{"start":{"line":37,"column":18},"end":{"line":37,"column":39}},"20":{"start":{"line":39,"column":4},"end":{"line":39,"column":43}},"21":{"start":{"line":41,"column":4},"end":{"line":41,"column":51}},"22":{"start":{"line":46,"column":20},"end":{"line":54,"column":2}},"23":{"start":{"line":57,"column":23},"end":{"line":95,"column":1}},"24":{"start":{"line":58,"column":20},"end":{"line":58,"column":28}},"25":{"start":{"line":60,"column":2},"end":{"line":94,"column":3}},"26":{"start":{"line":61,"column":4},"end":{"line":63,"column":5}},"27":{"start":{"line":62,"column":6},"end":{"line":62,"column":66}},"28":{"start":{"line":65,"column":17},"end":{"line":65,"column":46}},"29":{"start":{"line":66,"column":4},"end":{"line":68,"column":5}},"30":{"start":{"line":67,"column":6},"end":{"line":67,"column":84}},"31":{"start":{"line":70,"column":23},"end":{"line":70,"column":61}},"32":{"start":{"line":71,"column":4},"end":{"line":71,"column":41}},"33":{"start":{"line":72,"column":4},"end":{"line":72,"column":53}},"34":{"start":{"line":73,"column":4},"end":{"line":73,"column":22}},"35":{"start":{"line":76,"column":21},"end":{"line":76,"column":73}},"36":{"start":{"line":77,"column":4},"end":{"line":77,"column":50}},"37":{"start":{"line":79,"column":24},"end":{"line":84,"column":5}},"38":{"start":{"line":86,"column":4},"end":{"line":91,"column":7}},"39":{"start":{"line":87,"column":6},"end":{"line":89,"column":7}},"40":{"start":{"line":88,"column":8},"end":{"line":88,"column":77}},"41":{"start":{"line":90,"column":6},"end":{"line":90,"column":73}},"42":{"start":{"line":93,"column":4},"end":{"line":93,"column":57}},"43":{"start":{"line":99,"column":22},"end":{"line":134,"column":1}},"44":{"start":{"line":100,"column":30},"end":{"line":100,"column":38}},"45":{"start":{"line":102,"column":2},"end":{"line":133,"column":3}},"46":{"start":{"line":104,"column":17},"end":{"line":107,"column":6}},"47":{"start":{"line":109,"column":4},"end":{"line":111,"column":5}},"48":{"start":{"line":110,"column":6},"end":{"line":110,"column":95}},"49":{"start":{"line":114,"column":4},"end":{"line":123,"column":5}},"50":{"start":{"line":115,"column":6},"end":{"line":117,"column":7}},"51":{"start":{"line":116,"column":8},"end":{"line":116,"column":71}},"52":{"start":{"line":120,"column":6},"end":{"line":120,"column":54}},"53":{"start":{"line":122,"column":6},"end":{"line":122,"column":73}},"54":{"start":{"line":125,"column":4},"end":{"line":125,"column":40}},"55":{"start":{"line":126,"column":4},"end":{"line":126,"column":42}},"56":{"start":{"line":128,"column":4},"end":{"line":128,"column":22}},"57":{"start":{"line":130,"column":4},"end":{"line":130,"column":65}},"58":{"start":{"line":132,"column":4},"end":{"line":132,"column":57}},"59":{"start":{"line":136,"column":0},"end":{"line":136,"column":74}}},"fnMap":{"0":{"name":"(anonymous_0)","decl":{"start":{"line":11,"column":20},"end":{"line":11,"column":21}},"loc":{"start":{"line":11,"column":29},"end":{"line":13,"column":1}},"line":11},"1":{"name":"(anonymous_1)","decl":{"start":{"line":16,"column":18},"end":{"line":16,"column":19}},"loc":{"start":{"line":16,"column":38},"end":{"line":28,"column":1}},"line":16},"2":{"name":"(anonymous_2)","decl":{"start":{"line":31,"column":19},"end":{"line":31,"column":20}},"loc":{"start":{"line":31,"column":39},"end":{"line":43,"column":1}},"line":31},"3":{"name":"(anonymous_3)","decl":{"start":{"line":57,"column":23},"end":{"line":57,"column":24}},"loc":{"start":{"line":57,"column":43},"end":{"line":95,"column":1}},"line":57},"4":{"name":"(anonymous_4)","decl":{"start":{"line":86,"column":38},"end":{"line":86,"column":39}},"loc":{"start":{"line":86,"column":55},"end":{"line":91,"column":5}},"line":86},"5":{"name":"(anonymous_5)","decl":{"start":{"line":99,"column":22},"end":{"line":99,"column":23}},"loc":{"start":{"line":99,"column":42},"end":{"line":134,"column":1}},"line":99}},"branchMap":{"0":{"loc":{"start":{"line":61,"column":4},"end":{"line":63,"column":5}},"type":"if","locations":[{"start":{"line":61,"column":4},"end":{"line":63,"column":5}},{"start":{},"end":{}}],"line":61},"1":{"loc":{"start":{"line":66,"column":4},"end":{"line":68,"column":5}},"type":"if","locations":[{"start":{"line":66,"column":4},"end":{"line":68,"column":5}},{"start":{},"end":{}}],"line":66},"2":{"loc":{"start":{"line":87,"column":6},"end":{"line":89,"column":7}},"type":"if","locations":[{"start":{"line":87,"column":6},"end":{"line":89,"column":7}},{"start":{},"end":{}}],"line":87},"3":{"loc":{"start":{"line":109,"column":4},"end":{"line":111,"column":5}},"type":"if","locations":[{"start":{"line":109,"column":4},"end":{"line":111,"column":5}},{"start":{},"end":{}}],"line":109},"4":{"loc":{"start":{"line":114,"column":4},"end":{"line":123,"column":5}},"type":"if","locations":[{"start":{"line":114,"column":4},"end":{"line":123,"column":5}},{"start":{"line":121,"column":11},"end":{"line":123,"column":5}}],"line":114},"5":{"loc":{"start":{"line":115,"column":6},"end":{"line":117,"column":7}},"type":"if","locations":[{"start":{"line":115,"column":6},"end":{"line":117,"column":7}},{"start":{},"end":{}}],"line":115}},"s":{"0":1,"1":1,"2":1,"3":1,"4":1,"5":1,"6":1,"7":2,"8":1,"9":3,"10":3,"11":3,"12":0,"13":0,"14":3,"15":1,"16":5,"17":5,"18":5,"19":2,"20":2,"21":3,"22":1,"23":1,"24":3,"25":3,"26":3,"27":1,"28":2,"29":2,"30":1,"31":1,"32":1,"33":1,"34":1,"35":1,"36":1,"37":1,"38":1,"39":1,"40":0,"41":1,"42":0,"43":1,"44":0,"45":0,"46":0,"47":0,"48":0,"49":0,"50":0,"51":0,"52":0,"53":0,"54":0,"55":0,"56":0,"57":0,"58":0,"59":1},"f":{"0":2,"1":3,"2":5,"3":3,"4":1,"5":0},"b":{"0":[1,2],"1":[1,1],"2":[0,1],"3":[0,0],"4":[0,0],"5":[0,0]},"_coverageSchema":"1a1c01bbd47fc00a2c39e90264f33305004495a9","hash":"f4e5625e9744c47af8bb8c62bf6206348444a77a"}
,"C:\\LEARNING WORKSPACE\\PNX Online Locker\\Pernix-Online-Locker-MERN\\server\\middleware\\cloudinaryConfig.js": {"path":"C:\\LEARNING WORKSPACE\\PNX Online Locker\\Pernix-Online-Locker-MERN\\server\\middleware\\cloudinaryConfig.js","statementMap":{"0":{"start":{"line":1,"column":19},"end":{"line":1,"column":43}},"1":{"start":{"line":2,"column":0},"end":{"line":2,"column":27}},"2":{"start":{"line":4,"column":0},"end":{"line":8,"column":3}},"3":{"start":{"line":10,"column":0},"end":{"line":10,"column":28}}},"fnMap":{},"branchMap":{},"s":{"0":1,"1":1,"2":1,"3":1},"f":{},"b":{},"_coverageSchema":"1a1c01bbd47fc00a2c39e90264f33305004495a9","hash":"66a5253faf8cd59d7c315afba12a148fc334527a"}
,"C:\\LEARNING WORKSPACE\\PNX Online Locker\\Pernix-Online-Locker-MERN\\server\\middleware\\multerConfig.js": {"path":"C:\\LEARNING WORKSPACE\\PNX Online Locker\\Pernix-Online-Locker-MERN\\server\\middleware\\multerConfig.js","statementMap":{"0":{"start":{"line":1,"column":15},"end":{"line":1,"column":32}},"1":{"start":{"line":2,"column":30},"end":{"line":2,"column":66}},"2":{"start":{"line":3,"column":19},"end":{"line":3,"column":48}},"3":{"start":{"line":6,"column":25},"end":{"line":6,"column":39}},"4":{"start":{"line":9,"column":22},"end":{"line":9,"column":37}},"5":{"start":{"line":13,"column":16},"end":{"line":21,"column":2}},"6":{"start":{"line":24,"column":15},"end":{"line":37,"column":2}},"7":{"start":{"line":29,"column":24},"end":{"line":29,"column":60}},"8":{"start":{"line":30,"column":25},"end":{"line":30,"column":96}},"9":{"start":{"line":31,"column":8},"end":{"line":35,"column":9}},"10":{"start":{"line":32,"column":12},"end":{"line":32,"column":34}},"11":{"start":{"line":34,"column":12},"end":{"line":34,"column":91}},"12":{"start":{"line":39,"column":0},"end":{"line":39,"column":24}}},"fnMap":{"0":{"name":"(anonymous_0)","decl":{"start":{"line":27,"column":16},"end":{"line":27,"column":17}},"loc":{"start":{"line":27,"column":35},"end":{"line":36,"column":5}},"line":27}},"branchMap":{"0":{"loc":{"start":{"line":31,"column":8},"end":{"line":35,"column":9}},"type":"if","locations":[{"start":{"line":31,"column":8},"end":{"line":35,"column":9}},{"start":{"line":33,"column":15},"end":{"line":35,"column":9}}],"line":31},"1":{"loc":{"start":{"line":31,"column":12},"end":{"line":31,"column":31}},"type":"binary-expr","locations":[{"start":{"line":31,"column":12},"end":{"line":31,"column":19}},{"start":{"line":31,"column":23},"end":{"line":31,"column":31}}],"line":31}},"s":{"0":1,"1":1,"2":1,"3":1,"4":1,"5":1,"6":1,"7":0,"8":0,"9":0,"10":0,"11":0,"12":1},"f":{"0":0},"b":{"0":[0,0],"1":[0,0]},"_coverageSchema":"1a1c01bbd47fc00a2c39e90264f33305004495a9","hash":"15cddf41d41505cf3e19efc8c99806bc9341551a"}
,"C:\\LEARNING WORKSPACE\\PNX Online Locker\\Pernix-Online-Locker-MERN\\server\\models\\userModel.js": {"path":"C:\\LEARNING WORKSPACE\\PNX Online Locker\\Pernix-Online-Locker-MERN\\server\\models\\userModel.js","statementMap":{"0":{"start":{"line":1,"column":17},"end":{"line":1,"column":36}},"1":{"start":{"line":2,"column":15},"end":{"line":2,"column":32}},"2":{"start":{"line":3,"column":18},"end":{"line":3,"column":38}},"3":{"start":{"line":5,"column":15},"end":{"line":5,"column":30}},"4":{"start":{"line":7,"column":19},"end":{"line":25,"column":2}},"5":{"start":{"line":28,"column":0},"end":{"line":62,"column":1}},"6":{"start":{"line":31,"column":4},"end":{"line":33,"column":5}},"7":{"start":{"line":32,"column":8},"end":{"line":32,"column":46}},"8":{"start":{"line":36,"column":4},"end":{"line":38,"column":5}},"9":{"start":{"line":37,"column":8},"end":{"line":37,"column":74}},"10":{"start":{"line":39,"column":4},"end":{"line":41,"column":5}},"11":{"start":{"line":40,"column":8},"end":{"line":40,"column":41}},"12":{"start":{"line":42,"column":4},"end":{"line":44,"column":5}},"13":{"start":{"line":43,"column":8},"end":{"line":43,"column":43}},"14":{"start":{"line":46,"column":19},"end":{"line":46,"column":48}},"15":{"start":{"line":48,"column":4},"end":{"line":50,"column":5}},"16":{"start":{"line":49,"column":8},"end":{"line":49,"column":60}},"17":{"start":{"line":54,"column":17},"end":{"line":54,"column":41}},"18":{"start":{"line":56,"column":17},"end":{"line":56,"column":50}},"19":{"start":{"line":59,"column":17},"end":{"line":59,"column":71}},"20":{"start":{"line":61,"column":4},"end":{"line":61,"column":15}},"21":{"start":{"line":65,"column":0},"end":{"line":89,"column":1}},"22":{"start":{"line":68,"column":5},"end":{"line":70,"column":5}},"23":{"start":{"line":69,"column":8},"end":{"line":69,"column":47}},"24":{"start":{"line":72,"column":21},"end":{"line":72,"column":53}},"25":{"start":{"line":73,"column":4},"end":{"line":75,"column":5}},"26":{"start":{"line":74,"column":8},"end":{"line":74,"column":40}},"27":{"start":{"line":78,"column":17},"end":{"line":78,"column":46}},"28":{"start":{"line":79,"column":4},"end":{"line":81,"column":5}},"29":{"start":{"line":80,"column":6},"end":{"line":80,"column":37}},"30":{"start":{"line":83,"column":18},"end":{"line":83,"column":63}},"31":{"start":{"line":84,"column":2},"end":{"line":86,"column":3}},"32":{"start":{"line":85,"column":4},"end":{"line":85,"column":38}},"33":{"start":{"line":88,"column":2},"end":{"line":88,"column":14}},"34":{"start":{"line":94,"column":0},"end":{"line":94,"column":51}}},"fnMap":{"0":{"name":"(anonymous_0)","decl":{"start":{"line":28,"column":28},"end":{"line":28,"column":29}},"loc":{"start":{"line":28,"column":71},"end":{"line":62,"column":1}},"line":28},"1":{"name":"(anonymous_1)","decl":{"start":{"line":65,"column":27},"end":{"line":65,"column":28}},"loc":{"start":{"line":65,"column":70},"end":{"line":89,"column":1}},"line":65}},"branchMap":{"0":{"loc":{"start":{"line":31,"column":4},"end":{"line":33,"column":5}},"type":"if","locations":[{"start":{"line":31,"column":4},"end":{"line":33,"column":5}},{"start":{},"end":{}}],"line":31},"1":{"loc":{"start":{"line":31,"column":8},"end":{"line":31,"column":40}},"type":"binary-expr","locations":[{"start":{"line":31,"column":8},"end":{"line":31,"column":17}},{"start":{"line":31,"column":21},"end":{"line":31,"column":27}},{"start":{"line":31,"column":31},"end":{"line":31,"column":40}}],"line":31},"2":{"loc":{"start":{"line":36,"column":4},"end":{"line":38,"column":5}},"type":"if","locations":[{"start":{"line":36,"column":4},"end":{"line":38,"column":5}},{"start":{},"end":{}}],"line":36},"3":{"loc":{"start":{"line":39,"column":4},"end":{"line":41,"column":5}},"type":"if","locations":[{"start":{"line":39,"column":4},"end":{"line":41,"column":5}},{"start":{},"end":{}}],"line":39},"4":{"loc":{"start":{"line":42,"column":4},"end":{"line":44,"column":5}},"type":"if","locations":[{"start":{"line":42,"column":4},"end":{"line":44,"column":5}},{"start":{},"end":{}}],"line":42},"5":{"loc":{"start":{"line":48,"column":4},"end":{"line":50,"column":5}},"type":"if","locations":[{"start":{"line":48,"column":4},"end":{"line":50,"column":5}},{"start":{},"end":{}}],"line":48},"6":{"loc":{"start":{"line":68,"column":5},"end":{"line":70,"column":5}},"type":"if","locations":[{"start":{"line":68,"column":5},"end":{"line":70,"column":5}},{"start":{},"end":{}}],"line":68},"7":{"loc":{"start":{"line":68,"column":9},"end":{"line":68,"column":41}},"type":"binary-expr","locations":[{"start":{"line":68,"column":9},"end":{"line":68,"column":18}},{"start":{"line":68,"column":22},"end":{"line":68,"column":28}},{"start":{"line":68,"column":32},"end":{"line":68,"column":41}}],"line":68},"8":{"loc":{"start":{"line":73,"column":4},"end":{"line":75,"column":5}},"type":"if","locations":[{"start":{"line":73,"column":4},"end":{"line":75,"column":5}},{"start":{},"end":{}}],"line":73},"9":{"loc":{"start":{"line":79,"column":4},"end":{"line":81,"column":5}},"type":"if","locations":[{"start":{"line":79,"column":4},"end":{"line":81,"column":5}},{"start":{},"end":{}}],"line":79},"10":{"loc":{"start":{"line":84,"column":2},"end":{"line":86,"column":3}},"type":"if","locations":[{"start":{"line":84,"column":2},"end":{"line":86,"column":3}},{"start":{},"end":{}}],"line":84}},"s":{"0":1,"1":1,"2":1,"3":1,"4":1,"5":1,"6":5,"7":1,"8":4,"9":0,"10":4,"11":0,"12":4,"13":1,"14":3,"15":3,"16":1,"17":2,"18":2,"19":2,"20":2,"21":1,"22":3,"23":3,"24":0,"25":0,"26":0,"27":0,"28":0,"29":0,"30":0,"31":0,"32":0,"33":0,"34":1},"f":{"0":5,"1":3},"b":{"0":[1,4],"1":[5,5,5],"2":[0,4],"3":[0,4],"4":[1,3],"5":[1,2],"6":[3,0],"7":[3,1,0],"8":[0,0],"9":[0,0],"10":[0,0]},"_coverageSchema":"1a1c01bbd47fc00a2c39e90264f33305004495a9","hash":"683a2a3de4097ec802b530cfbbf67648defe97fe"}
,"C:\\LEARNING WORKSPACE\\PNX Online Locker\\Pernix-Online-Locker-MERN\\server\\routes\\details.js": {"path":"C:\\LEARNING WORKSPACE\\PNX Online Locker\\Pernix-Online-Locker-MERN\\server\\routes\\details.js","statementMap":{"0":{"start":{"line":1,"column":16},"end":{"line":1,"column":34}},"1":{"start":{"line":8,"column":5},"end":{"line":8,"column":47}},"2":{"start":{"line":11,"column":20},"end":{"line":11,"column":56}},"3":{"start":{"line":12,"column":15},"end":{"line":12,"column":52}},"4":{"start":{"line":15,"column":15},"end":{"line":15,"column":31}},"5":{"start":{"line":18,"column":0},"end":{"line":18,"column":23}},"6":{"start":{"line":21,"column":0},"end":{"line":21,"column":27}},"7":{"start":{"line":24,"column":0},"end":{"line":24,"column":29}},"8":{"start":{"line":27,"column":0},"end":{"line":27,"column":60}},"9":{"start":{"line":30,"column":0},"end":{"line":30,"column":35}},"10":{"start":{"line":33,"column":0},"end":{"line":33,"column":64}},"11":{"start":{"line":36,"column":0},"end":{"line":36,"column":23}}},"fnMap":{},"branchMap":{},"s":{"0":1,"1":1,"2":1,"3":1,"4":1,"5":1,"6":1,"7":1,"8":1,"9":1,"10":1,"11":1},"f":{},"b":{},"_coverageSchema":"1a1c01bbd47fc00a2c39e90264f33305004495a9","hash":"ee961491a20b625d7267cc2ae8f1e6aa8e359fc7"}
,"C:\\LEARNING WORKSPACE\\PNX Online Locker\\Pernix-Online-Locker-MERN\\server\\routes\\user.js": {"path":"C:\\LEARNING WORKSPACE\\PNX Online Locker\\Pernix-Online-Locker-MERN\\server\\routes\\user.js","statementMap":{"0":{"start":{"line":1,"column":16},"end":{"line":1,"column":34}},"1":{"start":{"line":2,"column":65},"end":{"line":2,"column":104}},"2":{"start":{"line":4,"column":15},"end":{"line":4,"column":31}},"3":{"start":{"line":7,"column":0},"end":{"line":7,"column":33}},"4":{"start":{"line":10,"column":0},"end":{"line":10,"column":35}},"5":{"start":{"line":13,"column":0},"end":{"line":13,"column":48}},"6":{"start":{"line":16,"column":0},"end":{"line":16,"column":46}},"7":{"start":{"line":18,"column":0},"end":{"line":18,"column":23}}},"fnMap":{},"branchMap":{},"s":{"0":1,"1":1,"2":1,"3":1,"4":1,"5":1,"6":1,"7":1},"f":{},"b":{},"_coverageSchema":"1a1c01bbd47fc00a2c39e90264f33305004495a9","hash":"5c134e28fe532b2304002a6181187da0809fe168"}
,"C:\\LEARNING WORKSPACE\\PNX Online Locker\\Pernix-Online-Locker-MERN\\server\\swagger\\swaggerConfig.js": {"path":"C:\\LEARNING WORKSPACE\\PNX Online Locker\\Pernix-Online-Locker-MERN\\server\\swagger\\swaggerConfig.js","statementMap":{"0":{"start":{"line":1,"column":21},"end":{"line":1,"column":45}},"1":{"start":{"line":3,"column":16},"end":{"line":32,"column":1}},"2":{"start":{"line":34,"column":14},"end":{"line":34,"column":35}},"3":{"start":{"line":36,"column":0},"end":{"line":36,"column":23}}},"fnMap":{},"branchMap":{},"s":{"0":1,"1":1,"2":1,"3":1},"f":{},"b":{},"_coverageSchema":"1a1c01bbd47fc00a2c39e90264f33305004495a9","hash":"e4a610f207012ca5ae59a41a963aabc16317e372"}
,"C:\\LEARNING WORKSPACE\\PNX Online Locker\\Pernix-Online-Locker-MERN\\server\\test\\mockdb.js": {"path":"C:\\LEARNING WORKSPACE\\PNX Online Locker\\Pernix-Online-Locker-MERN\\server\\test\\mockdb.js","statementMap":{"0":{"start":{"line":1,"column":17},"end":{"line":1,"column":36}},"1":{"start":{"line":4,"column":26},"end":{"line":12,"column":1}},"2":{"start":{"line":5,"column":4},"end":{"line":11,"column":5}},"3":{"start":{"line":6,"column":8},"end":{"line":6,"column":56}},"4":{"start":{"line":7,"column":8},"end":{"line":7,"column":39}},"5":{"start":{"line":9,"column":8},"end":{"line":9,"column":62}},"6":{"start":{"line":10,"column":8},"end":{"line":10,"column":20}},"7":{"start":{"line":15,"column":31},"end":{"line":20,"column":1}},"8":{"start":{"line":17,"column":4},"end":{"line":19,"column":5}},"9":{"start":{"line":18,"column":8},"end":{"line":18,"column":36}},"10":{"start":{"line":23,"column":0},"end":{"line":26,"column":2}},"11":{"start":{"line":29,"column":0},"end":{"line":36,"column":3}},"12":{"start":{"line":30,"column":4},"end":{"line":35,"column":7}},"13":{"start":{"line":31,"column":8},"end":{"line":31,"column":34}},"14":{"start":{"line":32,"column":8},"end":{"line":32,"column":65}},"15":{"start":{"line":33,"column":8},"end":{"line":33,"column":39}},"16":{"start":{"line":34,"column":8},"end":{"line":34,"column":55}}},"fnMap":{"0":{"name":"(anonymous_0)","decl":{"start":{"line":4,"column":26},"end":{"line":4,"column":27}},"loc":{"start":{"line":4,"column":38},"end":{"line":12,"column":1}},"line":4},"1":{"name":"(anonymous_1)","decl":{"start":{"line":15,"column":31},"end":{"line":15,"column":32}},"loc":{"start":{"line":15,"column":43},"end":{"line":20,"column":1}},"line":15},"2":{"name":"(anonymous_2)","decl":{"start":{"line":29,"column":32},"end":{"line":29,"column":33}},"loc":{"start":{"line":29,"column":38},"end":{"line":36,"column":1}},"line":29},"3":{"name":"(anonymous_3)","decl":{"start":{"line":30,"column":58},"end":{"line":30,"column":59}},"loc":{"start":{"line":30,"column":70},"end":{"line":35,"column":5}},"line":30}},"branchMap":{"0":{"loc":{"start":{"line":17,"column":4},"end":{"line":19,"column":5}},"type":"if","locations":[{"start":{"line":17,"column":4},"end":{"line":19,"column":5}},{"start":{},"end":{}}],"line":17}},"s":{"0":1,"1":1,"2":2,"3":2,"4":2,"5":0,"6":0,"7":1,"8":2,"9":2,"10":1,"11":1,"12":1,"13":1,"14":1,"15":1,"16":1},"f":{"0":2,"1":2,"2":1,"3":1},"b":{"0":[2,0]},"_coverageSchema":"1a1c01bbd47fc00a2c39e90264f33305004495a9","hash":"20ed574d7e1c4c8bc5a0ddb8bd48fb5e449e56e0"}
}
