TN:
SF:server.js
FN:15,(anonymous_0)
FN:21,(anonymous_1)
FN:31,(anonymous_2)
FN:43,(anonymous_3)
FN:47,(anonymous_4)
FNF:5
FNH:1
FNDA:20,(anonymous_0)
FNDA:0,(anonymous_1)
FNDA:0,(anonymous_2)
FNDA:0,(anonymous_3)
FNDA:0,(anonymous_4)
DA:1,1
DA:3,1
DA:4,1
DA:5,1
DA:6,1
DA:7,1
DA:8,1
DA:11,1
DA:14,1
DA:15,1
DA:16,20
DA:17,20
DA:21,1
DA:22,0
DA:24,1
DA:27,1
DA:28,1
DA:31,1
DA:32,0
DA:33,0
DA:35,0
DA:37,0
DA:38,0
DA:43,1
DA:44,0
DA:45,0
DA:46,0
DA:47,0
DA:48,0
DA:50,0
DA:51,0
DA:54,0
DA:56,0
DA:61,1
DA:62,0
DA:66,1
LF:36
LH:20
BRDA:46,0,0,0
BRDA:46,0,1,0
BRDA:61,1,0,0
BRDA:61,1,1,1
BRF:4
BRH:1
end_of_record
TN:
SF:controller\detailsController.js
FN:6,(anonymous_0)
FN:18,(anonymous_1)
FN:47,(anonymous_2)
FN:88,(anonymous_3)
FN:111,(anonymous_4)
FNF:5
FNH:3
FNDA:0,(anonymous_0)
FNDA:3,(anonymous_1)
FNDA:0,(anonymous_2)
FNDA:3,(anonymous_3)
FNDA:3,(anonymous_4)
DA:1,1
DA:2,1
DA:3,1
DA:6,1
DA:8,0
DA:11,0
DA:12,0
DA:18,1
DA:19,3
DA:21,3
DA:23,3
DA:24,1
DA:25,1
DA:28,2
DA:29,2
DA:30,2
DA:32,2
DA:33,1
DA:34,1
DA:37,1
DA:39,0
DA:40,0
DA:47,1
DA:48,0
DA:51,0
DA:53,0
DA:54,0
DA:56,0
DA:57,0
DA:59,0
DA:60,0
DA:62,0
DA:63,0
DA:68,0
DA:69,0
DA:74,0
DA:75,0
DA:77,0
DA:78,0
DA:79,0
DA:81,0
DA:88,1
DA:89,3
DA:91,3
DA:92,1
DA:95,2
DA:96,2
DA:98,2
DA:99,1
DA:102,1
DA:104,0
DA:105,0
DA:111,1
DA:112,3
DA:114,3
DA:115,1
DA:118,2
DA:119,2
DA:122,2
DA:123,0
DA:126,2
DA:128,2
DA:129,1
DA:132,1
DA:134,0
DA:140,1
LF:66
LH:39
BRDA:23,0,0,1
BRDA:23,0,1,2
BRDA:32,1,0,1
BRDA:32,1,1,1
BRDA:53,2,0,0
BRDA:53,2,1,0
BRDA:56,3,0,0
BRDA:56,3,1,0
BRDA:59,4,0,0
BRDA:59,4,1,0
BRDA:62,5,0,0
BRDA:62,5,1,0
BRDA:68,6,0,0
BRDA:68,6,1,0
BRDA:91,7,0,1
BRDA:91,7,1,2
BRDA:98,8,0,1
BRDA:98,8,1,1
BRDA:114,9,0,1
BRDA:114,9,1,2
BRDA:122,10,0,0
BRDA:122,10,1,2
BRDA:128,11,0,1
BRDA:128,11,1,1
BRF:24
BRH:13
end_of_record
TN:
SF:controller\userController.js
FN:11,(anonymous_0)
FN:16,(anonymous_1)
FN:31,(anonymous_2)
FN:57,(anonymous_3)
FN:86,(anonymous_4)
FN:99,(anonymous_5)
FNF:6
FNH:5
FNDA:2,(anonymous_0)
FNDA:3,(anonymous_1)
FNDA:5,(anonymous_2)
FNDA:3,(anonymous_3)
FNDA:1,(anonymous_4)
FNDA:0,(anonymous_5)
DA:1,1
DA:2,1
DA:3,1
DA:4,1
DA:5,1
DA:6,1
DA:11,1
DA:12,2
DA:16,1
DA:17,3
DA:19,3
DA:20,3
DA:22,0
DA:24,0
DA:26,3
DA:31,1
DA:32,5
DA:34,5
DA:35,5
DA:37,2
DA:39,2
DA:41,3
DA:46,1
DA:57,1
DA:58,3
DA:60,3
DA:61,3
DA:62,1
DA:65,2
DA:66,2
DA:67,1
DA:70,1
DA:71,1
DA:72,1
DA:73,1
DA:76,1
DA:77,1
DA:79,1
DA:86,1
DA:87,1
DA:88,0
DA:90,1
DA:93,0
DA:99,1
DA:100,0
DA:102,0
DA:104,0
DA:109,0
DA:110,0
DA:114,0
DA:115,0
DA:116,0
DA:120,0
DA:122,0
DA:125,0
DA:126,0
DA:128,0
DA:130,0
DA:132,0
DA:136,1
LF:60
LH:41
BRDA:61,0,0,1
BRDA:61,0,1,2
BRDA:66,1,0,1
BRDA:66,1,1,1
BRDA:87,2,0,0
BRDA:87,2,1,1
BRDA:109,3,0,0
BRDA:109,3,1,0
BRDA:114,4,0,0
BRDA:114,4,1,0
BRDA:115,5,0,0
BRDA:115,5,1,0
BRF:12
BRH:5
end_of_record
TN:
SF:middleware\cloudinaryConfig.js
FNF:0
FNH:0
DA:1,1
DA:2,1
DA:4,1
DA:10,1
LF:4
LH:4
BRF:0
BRH:0
end_of_record
TN:
SF:middleware\multerConfig.js
FN:27,(anonymous_0)
FNF:1
FNH:0
FNDA:0,(anonymous_0)
DA:1,1
DA:2,1
DA:3,1
DA:6,1
DA:9,1
DA:13,1
DA:24,1
DA:29,0
DA:30,0
DA:31,0
DA:32,0
DA:34,0
DA:39,1
LF:13
LH:8
BRDA:31,0,0,0
BRDA:31,0,1,0
BRDA:31,1,0,0
BRDA:31,1,1,0
BRF:4
BRH:0
end_of_record
TN:
SF:models\userModel.js
FN:28,(anonymous_0)
FN:65,(anonymous_1)
FNF:2
FNH:2
FNDA:5,(anonymous_0)
FNDA:3,(anonymous_1)
DA:1,1
DA:2,1
DA:3,1
DA:5,1
DA:7,1
DA:28,1
DA:31,5
DA:32,1
DA:36,4
DA:37,0
DA:39,4
DA:40,0
DA:42,4
DA:43,1
DA:46,3
DA:48,3
DA:49,1
DA:54,2
DA:56,2
DA:59,2
DA:61,2
DA:65,1
DA:68,3
DA:69,3
DA:72,0
DA:73,0
DA:74,0
DA:78,0
DA:79,0
DA:80,0
DA:83,0
DA:84,0
DA:85,0
DA:88,0
DA:94,1
LF:35
LH:23
BRDA:31,0,0,1
BRDA:31,0,1,4
BRDA:31,1,0,5
BRDA:31,1,1,5
BRDA:31,1,2,5
BRDA:36,2,0,0
BRDA:36,2,1,4
BRDA:39,3,0,0
BRDA:39,3,1,4
BRDA:42,4,0,1
BRDA:42,4,1,3
BRDA:48,5,0,1
BRDA:48,5,1,2
BRDA:68,6,0,3
BRDA:68,6,1,0
BRDA:68,7,0,3
BRDA:68,7,1,1
BRDA:68,7,2,0
BRDA:73,8,0,0
BRDA:73,8,1,0
BRDA:79,9,0,0
BRDA:79,9,1,0
BRDA:84,10,0,0
BRDA:84,10,1,0
BRF:24
BRH:14
end_of_record
TN:
SF:routes\details.js
FNF:0
FNH:0
DA:1,1
DA:8,1
DA:11,1
DA:12,1
DA:15,1
DA:18,1
DA:21,1
DA:24,1
DA:27,1
DA:30,1
DA:33,1
DA:36,1
LF:12
LH:12
BRF:0
BRH:0
end_of_record
TN:
SF:routes\user.js
FNF:0
FNH:0
DA:1,1
DA:2,1
DA:4,1
DA:7,1
DA:10,1
DA:13,1
DA:16,1
DA:18,1
LF:8
LH:8
BRF:0
BRH:0
end_of_record
TN:
SF:swagger\swaggerConfig.js
FNF:0
FNH:0
DA:1,1
DA:3,1
DA:34,1
DA:36,1
LF:4
LH:4
BRF:0
BRH:0
end_of_record
TN:
SF:test\mockdb.js
FN:4,(anonymous_0)
FN:15,(anonymous_1)
FN:29,(anonymous_2)
FN:30,(anonymous_3)
FNF:4
FNH:4
FNDA:2,(anonymous_0)
FNDA:2,(anonymous_1)
FNDA:1,(anonymous_2)
FNDA:1,(anonymous_3)
DA:1,1
DA:4,1
DA:5,2
DA:6,2
DA:7,2
DA:9,0
DA:10,0
DA:15,1
DA:17,2
DA:18,2
DA:23,1
DA:29,1
DA:30,1
DA:31,1
DA:32,1
DA:33,1
DA:34,1
LF:17
LH:15
BRDA:17,0,0,2
BRDA:17,0,1,0
BRF:2
BRH:1
end_of_record
