{"C:\\LEARNING WORKSPACE\\PNX Online Locker\\Pernix-Online-Locker-MERN\\client\\src\\components\\UserForm.js": {"path":"C:\\LEARNING WORKSPACE\\PNX Online Locker\\Pernix-Online-Locker-MERN\\client\\src\\components\\UserForm.js","statementMap":{"0":{"start":{"line":9,"column":17},"end":{"line":142,"column":1}},"1":{"start":{"line":10,"column":25},"end":{"line":10,"column":44}},"2":{"start":{"line":11,"column":21},"end":{"line":11,"column":37}},"3":{"start":{"line":12,"column":21},"end":{"line":12,"column":34}},"4":{"start":{"line":14,"column":36},"end":{"line":14,"column":48}},"5":{"start":{"line":15,"column":26},"end":{"line":15,"column":38}},"6":{"start":{"line":16,"column":34},"end":{"line":16,"column":46}},"7":{"start":{"line":17,"column":40},"end":{"line":17,"column":54}},"8":{"start":{"line":18,"column":30},"end":{"line":18,"column":44}},"9":{"start":{"line":19,"column":42},"end":{"line":19,"column":54}},"10":{"start":{"line":20,"column":62},"end":{"line":20,"column":77}},"11":{"start":{"line":21,"column":58},"end":{"line":21,"column":70}},"12":{"start":{"line":23,"column":25},"end":{"line":83,"column":5}},"13":{"start":{"line":24,"column":8},"end":{"line":24,"column":26}},"14":{"start":{"line":26,"column":8},"end":{"line":29,"column":9}},"15":{"start":{"line":27,"column":12},"end":{"line":27,"column":45}},"16":{"start":{"line":28,"column":12},"end":{"line":28,"column":18}},"17":{"start":{"line":31,"column":8},"end":{"line":44,"column":9}},"18":{"start":{"line":32,"column":33},"end":{"line":32,"column":73}},"19":{"start":{"line":33,"column":28},"end":{"line":33,"column":43}},"20":{"start":{"line":35,"column":12},"end":{"line":38,"column":13}},"21":{"start":{"line":36,"column":16},"end":{"line":36,"column":90}},"22":{"start":{"line":37,"column":16},"end":{"line":37,"column":23}},"23":{"start":{"line":40,"column":12},"end":{"line":43,"column":13}},"24":{"start":{"line":41,"column":16},"end":{"line":41,"column":52}},"25":{"start":{"line":42,"column":16},"end":{"line":42,"column":23}},"26":{"start":{"line":46,"column":25},"end":{"line":46,"column":39}},"27":{"start":{"line":47,"column":8},"end":{"line":47,"column":46}},"28":{"start":{"line":48,"column":8},"end":{"line":48,"column":36}},"29":{"start":{"line":49,"column":8},"end":{"line":49,"column":44}},"30":{"start":{"line":50,"column":8},"end":{"line":52,"column":9}},"31":{"start":{"line":51,"column":12},"end":{"line":51,"column":54}},"32":{"start":{"line":55,"column":25},"end":{"line":61,"column":10}},"33":{"start":{"line":63,"column":21},"end":{"line":63,"column":42}},"34":{"start":{"line":65,"column":8},"end":{"line":68,"column":9}},"35":{"start":{"line":66,"column":12},"end":{"line":66,"column":32}},"36":{"start":{"line":67,"column":12},"end":{"line":67,"column":44}},"37":{"start":{"line":70,"column":8},"end":{"line":82,"column":9}},"38":{"start":{"line":71,"column":12},"end":{"line":71,"column":26}},"39":{"start":{"line":72,"column":12},"end":{"line":72,"column":27}},"40":{"start":{"line":73,"column":12},"end":{"line":73,"column":22}},"41":{"start":{"line":74,"column":12},"end":{"line":74,"column":26}},"42":{"start":{"line":75,"column":12},"end":{"line":75,"column":31}},"43":{"start":{"line":76,"column":12},"end":{"line":76,"column":29}},"44":{"start":{"line":77,"column":12},"end":{"line":77,"column":47}},"45":{"start":{"line":78,"column":12},"end":{"line":78,"column":63}},"46":{"start":{"line":79,"column":12},"end":{"line":79,"column":67}},"47":{"start":{"line":80,"column":12},"end":{"line":80,"column":43}},"48":{"start":{"line":81,"column":12},"end":{"line":81,"column":88}},"49":{"start":{"line":85,"column":23},"end":{"line":89,"column":5}},"50":{"start":{"line":86,"column":22},"end":{"line":86,"column":32}},"51":{"start":{"line":87,"column":8},"end":{"line":87,"column":52}},"52":{"start":{"line":88,"column":8},"end":{"line":88,"column":49}},"53":{"start":{"line":91,"column":4},"end":{"line":141,"column":5}},"54":{"start":{"line":100,"column":33},"end":{"line":100,"column":60}},"55":{"start":{"line":108,"column":33},"end":{"line":108,"column":55}},"56":{"start":{"line":117,"column":33},"end":{"line":117,"column":59}},"57":{"start":{"line":126,"column":33},"end":{"line":126,"column":65}},"58":{"start":{"line":137,"column":38},"end":{"line":137,"column":69}}},"fnMap":{"0":{"name":"(anonymous_0)","decl":{"start":{"line":9,"column":17},"end":{"line":9,"column":18}},"loc":{"start":{"line":9,"column":23},"end":{"line":142,"column":1}},"line":9},"1":{"name":"(anonymous_1)","decl":{"start":{"line":23,"column":25},"end":{"line":23,"column":26}},"loc":{"start":{"line":23,"column":38},"end":{"line":83,"column":5}},"line":23},"2":{"name":"(anonymous_2)","decl":{"start":{"line":85,"column":23},"end":{"line":85,"column":24}},"loc":{"start":{"line":85,"column":29},"end":{"line":89,"column":5}},"line":85},"3":{"name":"(anonymous_3)","decl":{"start":{"line":100,"column":26},"end":{"line":100,"column":27}},"loc":{"start":{"line":100,"column":33},"end":{"line":100,"column":60}},"line":100},"4":{"name":"(anonymous_4)","decl":{"start":{"line":108,"column":26},"end":{"line":108,"column":27}},"loc":{"start":{"line":108,"column":33},"end":{"line":108,"column":55}},"line":108},"5":{"name":"(anonymous_5)","decl":{"start":{"line":117,"column":26},"end":{"line":117,"column":27}},"loc":{"start":{"line":117,"column":33},"end":{"line":117,"column":59}},"line":117},"6":{"name":"(anonymous_6)","decl":{"start":{"line":126,"column":26},"end":{"line":126,"column":27}},"loc":{"start":{"line":126,"column":33},"end":{"line":126,"column":65}},"line":126},"7":{"name":"(anonymous_7)","decl":{"start":{"line":137,"column":32},"end":{"line":137,"column":33}},"loc":{"start":{"line":137,"column":38},"end":{"line":137,"column":69}},"line":137}},"branchMap":{"0":{"loc":{"start":{"line":26,"column":8},"end":{"line":29,"column":9}},"type":"if","locations":[{"start":{"line":26,"column":8},"end":{"line":29,"column":9}},{"start":{},"end":{}}],"line":26},"1":{"loc":{"start":{"line":31,"column":8},"end":{"line":44,"column":9}},"type":"if","locations":[{"start":{"line":31,"column":8},"end":{"line":44,"column":9}},{"start":{},"end":{}}],"line":31},"2":{"loc":{"start":{"line":35,"column":12},"end":{"line":38,"column":13}},"type":"if","locations":[{"start":{"line":35,"column":12},"end":{"line":38,"column":13}},{"start":{},"end":{}}],"line":35},"3":{"loc":{"start":{"line":40,"column":12},"end":{"line":43,"column":13}},"type":"if","locations":[{"start":{"line":40,"column":12},"end":{"line":43,"column":13}},{"start":{},"end":{}}],"line":40},"4":{"loc":{"start":{"line":50,"column":8},"end":{"line":52,"column":9}},"type":"if","locations":[{"start":{"line":50,"column":8},"end":{"line":52,"column":9}},{"start":{},"end":{}}],"line":50},"5":{"loc":{"start":{"line":65,"column":8},"end":{"line":68,"column":9}},"type":"if","locations":[{"start":{"line":65,"column":8},"end":{"line":68,"column":9}},{"start":{},"end":{}}],"line":65},"6":{"loc":{"start":{"line":70,"column":8},"end":{"line":82,"column":9}},"type":"if","locations":[{"start":{"line":70,"column":8},"end":{"line":82,"column":9}},{"start":{},"end":{}}],"line":70},"7":{"loc":{"start":{"line":102,"column":27},"end":{"line":102,"column":75}},"type":"cond-expr","locations":[{"start":{"line":102,"column":63},"end":{"line":102,"column":70}},{"start":{"line":102,"column":73},"end":{"line":102,"column":75}}],"line":102},"8":{"loc":{"start":{"line":111,"column":27},"end":{"line":111,"column":79}},"type":"cond-expr","locations":[{"start":{"line":111,"column":67},"end":{"line":111,"column":74}},{"start":{"line":111,"column":77},"end":{"line":111,"column":79}}],"line":111},"9":{"loc":{"start":{"line":119,"column":27},"end":{"line":119,"column":70}},"type":"cond-expr","locations":[{"start":{"line":119,"column":58},"end":{"line":119,"column":65}},{"start":{"line":119,"column":68},"end":{"line":119,"column":70}}],"line":119},"10":{"loc":{"start":{"line":127,"column":27},"end":{"line":127,"column":81}},"type":"cond-expr","locations":[{"start":{"line":127,"column":69},"end":{"line":127,"column":76}},{"start":{"line":127,"column":79},"end":{"line":127,"column":81}}],"line":127},"11":{"loc":{"start":{"line":131,"column":13},"end":{"line":131,"column":58}},"type":"binary-expr","locations":[{"start":{"line":131,"column":13},"end":{"line":131,"column":18}},{"start":{"line":131,"column":22},"end":{"line":131,"column":58}}],"line":131}},"s":{"0":1,"1":7,"2":7,"3":7,"4":7,"5":7,"6":7,"7":7,"8":7,"9":7,"10":7,"11":7,"12":7,"13":1,"14":1,"15":0,"16":0,"17":1,"18":1,"19":1,"20":1,"21":0,"22":0,"23":1,"24":0,"25":0,"26":1,"27":1,"28":1,"29":1,"30":1,"31":1,"32":1,"33":1,"34":1,"35":0,"36":0,"37":1,"38":1,"39":1,"40":1,"41":1,"42":1,"43":1,"44":1,"45":1,"46":1,"47":1,"48":1,"49":7,"50":7,"51":7,"52":7,"53":7,"54":1,"55":1,"56":1,"57":1,"58":0},"f":{"0":7,"1":1,"2":7,"3":1,"4":1,"5":1,"6":1,"7":0},"b":{"0":[0,1],"1":[1,0],"2":[0,1],"3":[0,1],"4":[1,0],"5":[0,1],"6":[1,0],"7":[0,7],"8":[0,7],"9":[0,7],"10":[0,7],"11":[7,0]},"_coverageSchema":"1a1c01bbd47fc00a2c39e90264f33305004495a9","hash":"fb03e8525db8254df6930b3c9367af128a6d0b08"}
,"C:\\LEARNING WORKSPACE\\PNX Online Locker\\Pernix-Online-Locker-MERN\\client\\src\\context\\AuthContext.js": {"path":"C:\\LEARNING WORKSPACE\\PNX Online Locker\\Pernix-Online-Locker-MERN\\client\\src\\context\\AuthContext.js","statementMap":{"0":{"start":{"line":4,"column":27},"end":{"line":4,"column":42}},"1":{"start":{"line":6,"column":27},"end":{"line":15,"column":1}},"2":{"start":{"line":7,"column":2},"end":{"line":14,"column":3}},"3":{"start":{"line":9,"column":6},"end":{"line":9,"column":37}},"4":{"start":{"line":11,"column":6},"end":{"line":11,"column":27}},"5":{"start":{"line":13,"column":6},"end":{"line":13,"column":18}},"6":{"start":{"line":17,"column":35},"end":{"line":38,"column":1}},"7":{"start":{"line":18,"column":28},"end":{"line":20,"column":4}},"8":{"start":{"line":22,"column":2},"end":{"line":28,"column":8}},"9":{"start":{"line":23,"column":17},"end":{"line":23,"column":57}},"10":{"start":{"line":25,"column":4},"end":{"line":27,"column":5}},"11":{"start":{"line":26,"column":6},"end":{"line":26,"column":48}},"12":{"start":{"line":30,"column":2},"end":{"line":30,"column":42}},"13":{"start":{"line":32,"column":2},"end":{"line":36,"column":3}}},"fnMap":{"0":{"name":"(anonymous_0)","decl":{"start":{"line":6,"column":27},"end":{"line":6,"column":28}},"loc":{"start":{"line":6,"column":46},"end":{"line":15,"column":1}},"line":6},"1":{"name":"(anonymous_1)","decl":{"start":{"line":17,"column":35},"end":{"line":17,"column":36}},"loc":{"start":{"line":17,"column":53},"end":{"line":38,"column":1}},"line":17},"2":{"name":"(anonymous_2)","decl":{"start":{"line":22,"column":12},"end":{"line":22,"column":13}},"loc":{"start":{"line":22,"column":18},"end":{"line":28,"column":3}},"line":22}},"branchMap":{"0":{"loc":{"start":{"line":7,"column":2},"end":{"line":14,"column":3}},"type":"switch","locations":[{"start":{"line":8,"column":4},"end":{"line":9,"column":37}},{"start":{"line":10,"column":4},"end":{"line":11,"column":27}},{"start":{"line":12,"column":4},"end":{"line":13,"column":18}}],"line":7},"1":{"loc":{"start":{"line":25,"column":4},"end":{"line":27,"column":5}},"type":"if","locations":[{"start":{"line":25,"column":4},"end":{"line":27,"column":5}},{"start":{},"end":{}}],"line":25}},"s":{"0":2,"1":2,"2":0,"3":0,"4":0,"5":0,"6":2,"7":1,"8":1,"9":1,"10":1,"11":0,"12":1,"13":1},"f":{"0":0,"1":1,"2":1},"b":{"0":[0,0,0],"1":[0,1]},"_coverageSchema":"1a1c01bbd47fc00a2c39e90264f33305004495a9","hash":"cb58d0ec91a1a4364a432d9b081469fe26ce8f0e"}
,"C:\\LEARNING WORKSPACE\\PNX Online Locker\\Pernix-Online-Locker-MERN\\client\\src\\context\\DetailsContext.js": {"path":"C:\\LEARNING WORKSPACE\\PNX Online Locker\\Pernix-Online-Locker-MERN\\client\\src\\context\\DetailsContext.js","statementMap":{"0":{"start":{"line":4,"column":30},"end":{"line":4,"column":45}},"1":{"start":{"line":6,"column":30},"end":{"line":29,"column":1}},"2":{"start":{"line":7,"column":4},"end":{"line":28,"column":5}},"3":{"start":{"line":9,"column":12},"end":{"line":11,"column":13}},"4":{"start":{"line":14,"column":12},"end":{"line":16,"column":13}},"5":{"start":{"line":18,"column":12},"end":{"line":20,"column":13}},"6":{"start":{"line":19,"column":53},"end":{"line":19,"column":81}},"7":{"start":{"line":22,"column":12},"end":{"line":24,"column":14}},"8":{"start":{"line":23,"column":51},"end":{"line":23,"column":100}},"9":{"start":{"line":27,"column":12},"end":{"line":27,"column":24}},"10":{"start":{"line":32,"column":38},"end":{"line":42,"column":1}},"11":{"start":{"line":33,"column":30},"end":{"line":35,"column":6}},"12":{"start":{"line":37,"column":4},"end":{"line":41,"column":5}}},"fnMap":{"0":{"name":"(anonymous_0)","decl":{"start":{"line":6,"column":30},"end":{"line":6,"column":31}},"loc":{"start":{"line":6,"column":49},"end":{"line":29,"column":1}},"line":6},"1":{"name":"(anonymous_1)","decl":{"start":{"line":19,"column":46},"end":{"line":19,"column":47}},"loc":{"start":{"line":19,"column":53},"end":{"line":19,"column":81}},"line":19},"2":{"name":"(anonymous_2)","decl":{"start":{"line":23,"column":43},"end":{"line":23,"column":44}},"loc":{"start":{"line":23,"column":51},"end":{"line":23,"column":100}},"line":23},"3":{"name":"(anonymous_3)","decl":{"start":{"line":32,"column":38},"end":{"line":32,"column":39}},"loc":{"start":{"line":32,"column":56},"end":{"line":42,"column":1}},"line":32}},"branchMap":{"0":{"loc":{"start":{"line":7,"column":4},"end":{"line":28,"column":5}},"type":"switch","locations":[{"start":{"line":8,"column":8},"end":{"line":11,"column":13}},{"start":{"line":12,"column":8},"end":{"line":16,"column":13}},{"start":{"line":17,"column":8},"end":{"line":20,"column":13}},{"start":{"line":21,"column":8},"end":{"line":24,"column":14}},{"start":{"line":26,"column":8},"end":{"line":27,"column":24}}],"line":7},"1":{"loc":{"start":{"line":23,"column":51},"end":{"line":23,"column":100}},"type":"cond-expr","locations":[{"start":{"line":23,"column":82},"end":{"line":23,"column":96}},{"start":{"line":23,"column":99},"end":{"line":23,"column":100}}],"line":23}},"s":{"0":2,"1":2,"2":3,"3":1,"4":0,"5":1,"6":2,"7":1,"8":2,"9":0,"10":2,"11":4,"12":4},"f":{"0":3,"1":2,"2":2,"3":4},"b":{"0":[1,0,1,1,0],"1":[1,1]},"_coverageSchema":"1a1c01bbd47fc00a2c39e90264f33305004495a9","hash":"d3288b6cc30035b83419e2d69f359ee0ceb026c0"}
,"C:\\LEARNING WORKSPACE\\PNX Online Locker\\Pernix-Online-Locker-MERN\\client\\src\\hooks\\useAuthContext.js": {"path":"C:\\LEARNING WORKSPACE\\PNX Online Locker\\Pernix-Online-Locker-MERN\\client\\src\\hooks\\useAuthContext.js","statementMap":{"0":{"start":{"line":4,"column":30},"end":{"line":12,"column":2}},"1":{"start":{"line":5,"column":20},"end":{"line":5,"column":43}},"2":{"start":{"line":7,"column":4},"end":{"line":9,"column":5}},"3":{"start":{"line":8,"column":8},"end":{"line":8,"column":71}},"4":{"start":{"line":11,"column":4},"end":{"line":11,"column":18}}},"fnMap":{"0":{"name":"(anonymous_0)","decl":{"start":{"line":4,"column":30},"end":{"line":4,"column":31}},"loc":{"start":{"line":4,"column":36},"end":{"line":12,"column":2}},"line":4}},"branchMap":{"0":{"loc":{"start":{"line":7,"column":4},"end":{"line":9,"column":5}},"type":"if","locations":[{"start":{"line":7,"column":4},"end":{"line":9,"column":5}},{"start":{},"end":{}}],"line":7}},"s":{"0":2,"1":5,"2":5,"3":0,"4":5},"f":{"0":5},"b":{"0":[0,5]},"_coverageSchema":"1a1c01bbd47fc00a2c39e90264f33305004495a9","hash":"99b674de8c6e842ecc5a13aed472cc0d4477dd2f"}
,"C:\\LEARNING WORKSPACE\\PNX Online Locker\\Pernix-Online-Locker-MERN\\client\\src\\hooks\\useDetailsContext.js": {"path":"C:\\LEARNING WORKSPACE\\PNX Online Locker\\Pernix-Online-Locker-MERN\\client\\src\\hooks\\useDetailsContext.js","statementMap":{"0":{"start":{"line":4,"column":33},"end":{"line":12,"column":2}},"1":{"start":{"line":5,"column":20},"end":{"line":5,"column":46}},"2":{"start":{"line":7,"column":4},"end":{"line":9,"column":5}},"3":{"start":{"line":8,"column":8},"end":{"line":8,"column":79}},"4":{"start":{"line":11,"column":4},"end":{"line":11,"column":18}}},"fnMap":{"0":{"name":"(anonymous_0)","decl":{"start":{"line":4,"column":33},"end":{"line":4,"column":34}},"loc":{"start":{"line":4,"column":39},"end":{"line":12,"column":2}},"line":4}},"branchMap":{"0":{"loc":{"start":{"line":7,"column":4},"end":{"line":9,"column":5}},"type":"if","locations":[{"start":{"line":7,"column":4},"end":{"line":9,"column":5}},{"start":{},"end":{}}],"line":7}},"s":{"0":1,"1":0,"2":0,"3":0,"4":0},"f":{"0":0},"b":{"0":[0,0]},"_coverageSchema":"1a1c01bbd47fc00a2c39e90264f33305004495a9","hash":"2437ae482762664b0065a580455fad7011c2aa80"}
,"C:\\LEARNING WORKSPACE\\PNX Online Locker\\Pernix-Online-Locker-MERN\\client\\src\\hooks\\useSignup.js": {"path":"C:\\LEARNING WORKSPACE\\PNX Online Locker\\Pernix-Online-Locker-MERN\\client\\src\\hooks\\useSignup.js","statementMap":{"0":{"start":{"line":4,"column":25},"end":{"line":41,"column":1}},"1":{"start":{"line":5,"column":30},"end":{"line":5,"column":44}},"2":{"start":{"line":6,"column":38},"end":{"line":6,"column":52}},"3":{"start":{"line":8,"column":25},"end":{"line":8,"column":41}},"4":{"start":{"line":10,"column":19},"end":{"line":38,"column":5}},"5":{"start":{"line":11,"column":8},"end":{"line":11,"column":26}},"6":{"start":{"line":12,"column":8},"end":{"line":12,"column":22}},"7":{"start":{"line":15,"column":25},"end":{"line":21,"column":10}},"8":{"start":{"line":23,"column":21},"end":{"line":23,"column":42}},"9":{"start":{"line":25,"column":8},"end":{"line":28,"column":9}},"10":{"start":{"line":26,"column":12},"end":{"line":26,"column":31}},"11":{"start":{"line":27,"column":12},"end":{"line":27,"column":32}},"12":{"start":{"line":30,"column":8},"end":{"line":36,"column":9}},"13":{"start":{"line":32,"column":12},"end":{"line":32,"column":62}},"14":{"start":{"line":33,"column":12},"end":{"line":33,"column":54}},"15":{"start":{"line":35,"column":12},"end":{"line":35,"column":31}},"16":{"start":{"line":40,"column":4},"end":{"line":40,"column":39}}},"fnMap":{"0":{"name":"(anonymous_0)","decl":{"start":{"line":4,"column":25},"end":{"line":4,"column":26}},"loc":{"start":{"line":4,"column":31},"end":{"line":41,"column":1}},"line":4},"1":{"name":"(anonymous_1)","decl":{"start":{"line":10,"column":19},"end":{"line":10,"column":20}},"loc":{"start":{"line":10,"column":56},"end":{"line":38,"column":5}},"line":10}},"branchMap":{"0":{"loc":{"start":{"line":25,"column":8},"end":{"line":28,"column":9}},"type":"if","locations":[{"start":{"line":25,"column":8},"end":{"line":28,"column":9}},{"start":{},"end":{}}],"line":25},"1":{"loc":{"start":{"line":30,"column":8},"end":{"line":36,"column":9}},"type":"if","locations":[{"start":{"line":30,"column":8},"end":{"line":36,"column":9}},{"start":{},"end":{}}],"line":30}},"s":{"0":1,"1":5,"2":5,"3":5,"4":5,"5":1,"6":1,"7":1,"8":1,"9":1,"10":0,"11":0,"12":1,"13":1,"14":1,"15":1,"16":5},"f":{"0":5,"1":1},"b":{"0":[0,1],"1":[1,0]},"_coverageSchema":"1a1c01bbd47fc00a2c39e90264f33305004495a9","hash":"968430d67a1fd310de7f10fe6fdba0c73ad9d01a"}
,"C:\\LEARNING WORKSPACE\\PNX Online Locker\\Pernix-Online-Locker-MERN\\client\\src\\modals\\NotificationModal.js": {"path":"C:\\LEARNING WORKSPACE\\PNX Online Locker\\Pernix-Online-Locker-MERN\\client\\src\\modals\\NotificationModal.js","statementMap":{"0":{"start":{"line":4,"column":26},"end":{"line":29,"column":1}},"1":{"start":{"line":5,"column":4},"end":{"line":14,"column":33}},"2":{"start":{"line":7,"column":8},"end":{"line":11,"column":9}},"3":{"start":{"line":8,"column":12},"end":{"line":10,"column":21}},"4":{"start":{"line":9,"column":16},"end":{"line":9,"column":33}},"5":{"start":{"line":13,"column":8},"end":{"line":13,"column":43}},"6":{"start":{"line":13,"column":21},"end":{"line":13,"column":42}},"7":{"start":{"line":16,"column":4},"end":{"line":28,"column":6}}},"fnMap":{"0":{"name":"(anonymous_0)","decl":{"start":{"line":4,"column":26},"end":{"line":4,"column":27}},"loc":{"start":{"line":4,"column":67},"end":{"line":29,"column":1}},"line":4},"1":{"name":"(anonymous_1)","decl":{"start":{"line":5,"column":14},"end":{"line":5,"column":15}},"loc":{"start":{"line":5,"column":20},"end":{"line":14,"column":5}},"line":5},"2":{"name":"(anonymous_2)","decl":{"start":{"line":8,"column":33},"end":{"line":8,"column":34}},"loc":{"start":{"line":8,"column":39},"end":{"line":10,"column":13}},"line":8},"3":{"name":"(anonymous_3)","decl":{"start":{"line":13,"column":15},"end":{"line":13,"column":16}},"loc":{"start":{"line":13,"column":21},"end":{"line":13,"column":42}},"line":13}},"branchMap":{"0":{"loc":{"start":{"line":7,"column":8},"end":{"line":11,"column":9}},"type":"if","locations":[{"start":{"line":7,"column":8},"end":{"line":11,"column":9}},{"start":{},"end":{}}],"line":7}},"s":{"0":1,"1":7,"2":7,"3":1,"4":0,"5":7,"6":7,"7":7},"f":{"0":7,"1":7,"2":0,"3":7},"b":{"0":[1,6]},"_coverageSchema":"1a1c01bbd47fc00a2c39e90264f33305004495a9","hash":"eb6f7accf8fe410533896efd2cdd31be547b0b24"}
,"C:\\LEARNING WORKSPACE\\PNX Online Locker\\Pernix-Online-Locker-MERN\\client\\src\\pages\\Signup.js": {"path":"C:\\LEARNING WORKSPACE\\PNX Online Locker\\Pernix-Online-Locker-MERN\\client\\src\\pages\\Signup.js","statementMap":{"0":{"start":{"line":5,"column":15},"end":{"line":55,"column":1}},"1":{"start":{"line":6,"column":36},"end":{"line":6,"column":48}},"2":{"start":{"line":7,"column":30},"end":{"line":7,"column":42}},"3":{"start":{"line":8,"column":36},"end":{"line":8,"column":48}},"4":{"start":{"line":9,"column":55},"end":{"line":9,"column":66}},"5":{"start":{"line":11,"column":25},"end":{"line":14,"column":5}},"6":{"start":{"line":12,"column":8},"end":{"line":12,"column":27}},"7":{"start":{"line":13,"column":8},"end":{"line":13,"column":48}},"8":{"start":{"line":16,"column":4},"end":{"line":54,"column":5}},"9":{"start":{"line":29,"column":33},"end":{"line":29,"column":60}},"10":{"start":{"line":37,"column":33},"end":{"line":37,"column":57}},"11":{"start":{"line":45,"column":33},"end":{"line":45,"column":60}}},"fnMap":{"0":{"name":"(anonymous_0)","decl":{"start":{"line":5,"column":15},"end":{"line":5,"column":16}},"loc":{"start":{"line":5,"column":21},"end":{"line":55,"column":1}},"line":5},"1":{"name":"(anonymous_1)","decl":{"start":{"line":11,"column":25},"end":{"line":11,"column":26}},"loc":{"start":{"line":11,"column":38},"end":{"line":14,"column":5}},"line":11},"2":{"name":"(anonymous_2)","decl":{"start":{"line":29,"column":26},"end":{"line":29,"column":27}},"loc":{"start":{"line":29,"column":33},"end":{"line":29,"column":60}},"line":29},"3":{"name":"(anonymous_3)","decl":{"start":{"line":37,"column":26},"end":{"line":37,"column":27}},"loc":{"start":{"line":37,"column":33},"end":{"line":37,"column":57}},"line":37},"4":{"name":"(anonymous_4)","decl":{"start":{"line":45,"column":26},"end":{"line":45,"column":27}},"loc":{"start":{"line":45,"column":33},"end":{"line":45,"column":60}},"line":45}},"branchMap":{"0":{"loc":{"start":{"line":52,"column":13},"end":{"line":52,"column":58}},"type":"binary-expr","locations":[{"start":{"line":52,"column":13},"end":{"line":52,"column":18}},{"start":{"line":52,"column":22},"end":{"line":52,"column":58}}],"line":52}},"s":{"0":1,"1":5,"2":5,"3":5,"4":5,"5":5,"6":1,"7":1,"8":5,"9":1,"10":1,"11":1},"f":{"0":5,"1":1,"2":1,"3":1,"4":1},"b":{"0":[5,0]},"_coverageSchema":"1a1c01bbd47fc00a2c39e90264f33305004495a9","hash":"ab4b2227364df9d9869d8bd983bce15752b1a889"}
}
