TN:
SF:src\components\UserForm.js
FN:9,(anonymous_0)
FN:23,(anonymous_1)
FN:85,(anonymous_2)
FN:100,(anonymous_3)
FN:108,(anonymous_4)
FN:117,(anonymous_5)
FN:126,(anonymous_6)
FN:137,(anonymous_7)
FNF:8
FNH:7
FNDA:7,(anonymous_0)
FNDA:1,(anonymous_1)
FNDA:7,(anonymous_2)
FNDA:1,(anonymous_3)
FNDA:1,(anonymous_4)
FNDA:1,(anonymous_5)
FNDA:1,(anonymous_6)
FNDA:0,(anonymous_7)
DA:9,1
DA:10,7
DA:11,7
DA:12,7
DA:14,7
DA:15,7
DA:16,7
DA:17,7
DA:18,7
DA:19,7
DA:20,7
DA:21,7
DA:23,7
DA:24,1
DA:26,1
DA:27,0
DA:28,0
DA:31,1
DA:32,1
DA:33,1
DA:35,1
DA:36,0
DA:37,0
DA:40,1
DA:41,0
DA:42,0
DA:46,1
DA:47,1
DA:48,1
DA:49,1
DA:50,1
DA:51,1
DA:55,1
DA:63,1
DA:65,1
DA:66,0
DA:67,0
DA:70,1
DA:71,1
DA:72,1
DA:73,1
DA:74,1
DA:75,1
DA:76,1
DA:77,1
DA:78,1
DA:79,1
DA:80,1
DA:81,1
DA:85,7
DA:86,7
DA:87,7
DA:88,7
DA:91,7
DA:100,1
DA:108,1
DA:117,1
DA:126,1
DA:137,0
LF:59
LH:50
BRDA:26,0,0,0
BRDA:26,0,1,1
BRDA:31,1,0,1
BRDA:31,1,1,0
BRDA:35,2,0,0
BRDA:35,2,1,1
BRDA:40,3,0,0
BRDA:40,3,1,1
BRDA:50,4,0,1
BRDA:50,4,1,0
BRDA:65,5,0,0
BRDA:65,5,1,1
BRDA:70,6,0,1
BRDA:70,6,1,0
BRDA:102,7,0,0
BRDA:102,7,1,7
BRDA:111,8,0,0
BRDA:111,8,1,7
BRDA:119,9,0,0
BRDA:119,9,1,7
BRDA:127,10,0,0
BRDA:127,10,1,7
BRDA:131,11,0,7
BRDA:131,11,1,0
BRF:24
BRH:12
end_of_record
TN:
SF:src\context\AuthContext.js
FN:6,(anonymous_0)
FN:17,(anonymous_1)
FN:22,(anonymous_2)
FNF:3
FNH:2
FNDA:0,(anonymous_0)
FNDA:1,(anonymous_1)
FNDA:1,(anonymous_2)
DA:4,2
DA:6,2
DA:7,0
DA:9,0
DA:11,0
DA:13,0
DA:17,2
DA:18,1
DA:22,1
DA:23,1
DA:25,1
DA:26,0
DA:30,1
DA:32,1
LF:14
LH:9
BRDA:7,0,0,0
BRDA:7,0,1,0
BRDA:7,0,2,0
BRDA:25,1,0,0
BRDA:25,1,1,1
BRF:5
BRH:1
end_of_record
TN:
SF:src\context\DetailsContext.js
FN:6,(anonymous_0)
FN:19,(anonymous_1)
FN:23,(anonymous_2)
FN:32,(anonymous_3)
FNF:4
FNH:4
FNDA:3,(anonymous_0)
FNDA:2,(anonymous_1)
FNDA:2,(anonymous_2)
FNDA:4,(anonymous_3)
DA:4,2
DA:6,2
DA:7,3
DA:9,1
DA:14,0
DA:18,1
DA:19,2
DA:22,1
DA:23,2
DA:27,0
DA:32,2
DA:33,4
DA:37,4
LF:13
LH:11
BRDA:7,0,0,1
BRDA:7,0,1,0
BRDA:7,0,2,1
BRDA:7,0,3,1
BRDA:7,0,4,0
BRDA:23,1,0,1
BRDA:23,1,1,1
BRF:7
BRH:5
end_of_record
TN:
SF:src\hooks\useAuthContext.js
FN:4,(anonymous_0)
FNF:1
FNH:1
FNDA:5,(anonymous_0)
DA:4,2
DA:5,5
DA:7,5
DA:8,0
DA:11,5
LF:5
LH:4
BRDA:7,0,0,0
BRDA:7,0,1,5
BRF:2
BRH:1
end_of_record
TN:
SF:src\hooks\useDetailsContext.js
FN:4,(anonymous_0)
FNF:1
FNH:0
FNDA:0,(anonymous_0)
DA:4,1
DA:5,0
DA:7,0
DA:8,0
DA:11,0
LF:5
LH:1
BRDA:7,0,0,0
BRDA:7,0,1,0
BRF:2
BRH:0
end_of_record
TN:
SF:src\hooks\useSignup.js
FN:4,(anonymous_0)
FN:10,(anonymous_1)
FNF:2
FNH:2
FNDA:5,(anonymous_0)
FNDA:1,(anonymous_1)
DA:4,1
DA:5,5
DA:6,5
DA:8,5
DA:10,5
DA:11,1
DA:12,1
DA:15,1
DA:23,1
DA:25,1
DA:26,0
DA:27,0
DA:30,1
DA:32,1
DA:33,1
DA:35,1
DA:40,5
LF:17
LH:15
BRDA:25,0,0,0
BRDA:25,0,1,1
BRDA:30,1,0,1
BRDA:30,1,1,0
BRF:4
BRH:2
end_of_record
TN:
SF:src\modals\NotificationModal.js
FN:4,(anonymous_0)
FN:5,(anonymous_1)
FN:8,(anonymous_2)
FN:13,(anonymous_3)
FNF:4
FNH:3
FNDA:7,(anonymous_0)
FNDA:7,(anonymous_1)
FNDA:0,(anonymous_2)
FNDA:7,(anonymous_3)
DA:4,1
DA:5,7
DA:7,7
DA:8,1
DA:9,0
DA:13,7
DA:16,7
LF:7
LH:6
BRDA:7,0,0,1
BRDA:7,0,1,6
BRF:2
BRH:2
end_of_record
TN:
SF:src\pages\Signup.js
FN:5,(anonymous_0)
FN:11,(anonymous_1)
FN:29,(anonymous_2)
FN:37,(anonymous_3)
FN:45,(anonymous_4)
FNF:5
FNH:5
FNDA:5,(anonymous_0)
FNDA:1,(anonymous_1)
FNDA:1,(anonymous_2)
FNDA:1,(anonymous_3)
FNDA:1,(anonymous_4)
DA:5,1
DA:6,5
DA:7,5
DA:8,5
DA:9,5
DA:11,5
DA:12,1
DA:13,1
DA:16,5
DA:29,1
DA:37,1
DA:45,1
LF:12
LH:12
BRDA:52,0,0,5
BRDA:52,0,1,0
BRF:2
BRH:1
end_of_record
