TN:
SF:src\components\UserForm.js
FN:10,(anonymous_0)
FN:24,(anonymous_1)
FN:86,(anonymous_2)
FN:101,(anonymous_3)
FN:109,(anonymous_4)
FN:118,(anonymous_5)
FN:127,(anonymous_6)
FN:138,(anonymous_7)
FNF:8
FNH:7
FNDA:7,(anonymous_0)
FNDA:1,(anonymous_1)
FNDA:7,(anonymous_2)
FNDA:1,(anonymous_3)
FNDA:1,(anonymous_4)
FNDA:1,(anonymous_5)
FNDA:1,(anonymous_6)
FNDA:0,(anonymous_7)
DA:10,1
DA:11,7
DA:12,7
DA:13,7
DA:15,7
DA:16,7
DA:17,7
DA:18,7
DA:19,7
DA:20,7
DA:21,7
DA:22,7
DA:24,7
DA:25,1
DA:27,1
DA:28,0
DA:29,0
DA:32,1
DA:33,1
DA:34,1
DA:36,1
DA:37,0
DA:38,0
DA:41,1
DA:42,0
DA:43,0
DA:47,1
DA:48,1
DA:49,1
DA:50,1
DA:51,1
DA:52,1
DA:56,1
DA:64,1
DA:66,1
DA:67,0
DA:68,0
DA:71,1
DA:72,1
DA:73,1
DA:74,1
DA:75,1
DA:76,1
DA:77,1
DA:78,1
DA:79,1
DA:80,1
DA:81,1
DA:82,1
DA:86,7
DA:87,7
DA:88,7
DA:89,7
DA:92,7
DA:101,1
DA:109,1
DA:118,1
DA:127,1
DA:138,0
LF:59
LH:50
BRDA:27,0,0,0
BRDA:27,0,1,1
BRDA:32,1,0,1
BRDA:32,1,1,0
BRDA:36,2,0,0
BRDA:36,2,1,1
BRDA:41,3,0,0
BRDA:41,3,1,1
BRDA:51,4,0,1
BRDA:51,4,1,0
BRDA:66,5,0,0
BRDA:66,5,1,1
BRDA:71,6,0,1
BRDA:71,6,1,0
BRDA:103,7,0,0
BRDA:103,7,1,7
BRDA:112,8,0,0
BRDA:112,8,1,7
BRDA:120,9,0,0
BRDA:120,9,1,7
BRDA:128,10,0,0
BRDA:128,10,1,7
BRDA:132,11,0,7
BRDA:132,11,1,0
BRF:24
BRH:12
end_of_record
TN:
SF:src\config\config.js
FNF:0
FNH:0
DA:1,2
DA:7,2
LF:2
LH:2
BRDA:3,0,0,2
BRDA:3,0,1,2
BRF:2
BRH:2
end_of_record
TN:
SF:src\context\AuthContext.js
FN:6,(anonymous_0)
FN:17,(anonymous_1)
FN:22,(anonymous_2)
FNF:3
FNH:2
FNDA:0,(anonymous_0)
FNDA:1,(anonymous_1)
FNDA:1,(anonymous_2)
DA:4,2
DA:6,2
DA:7,0
DA:9,0
DA:11,0
DA:13,0
DA:17,2
DA:18,1
DA:22,1
DA:23,1
DA:25,1
DA:26,0
DA:30,1
DA:32,1
LF:14
LH:9
BRDA:7,0,0,0
BRDA:7,0,1,0
BRDA:7,0,2,0
BRDA:25,1,0,0
BRDA:25,1,1,1
BRF:5
BRH:1
end_of_record
TN:
SF:src\context\DetailsContext.js
FN:6,(anonymous_0)
FN:19,(anonymous_1)
FN:23,(anonymous_2)
FN:32,(anonymous_3)
FNF:4
FNH:4
FNDA:3,(anonymous_0)
FNDA:2,(anonymous_1)
FNDA:2,(anonymous_2)
FNDA:4,(anonymous_3)
DA:4,2
DA:6,2
DA:7,3
DA:9,1
DA:14,0
DA:18,1
DA:19,2
DA:22,1
DA:23,2
DA:27,0
DA:32,2
DA:33,4
DA:37,4
LF:13
LH:11
BRDA:7,0,0,1
BRDA:7,0,1,0
BRDA:7,0,2,1
BRDA:7,0,3,1
BRDA:7,0,4,0
BRDA:23,1,0,1
BRDA:23,1,1,1
BRF:7
BRH:5
end_of_record
TN:
SF:src\hooks\useAuthContext.js
FN:4,(anonymous_0)
FNF:1
FNH:1
FNDA:5,(anonymous_0)
DA:4,2
DA:5,5
DA:7,5
DA:8,0
DA:11,5
LF:5
LH:4
BRDA:7,0,0,0
BRDA:7,0,1,5
BRF:2
BRH:1
end_of_record
TN:
SF:src\hooks\useDetailsContext.js
FN:4,(anonymous_0)
FNF:1
FNH:0
FNDA:0,(anonymous_0)
DA:4,1
DA:5,0
DA:7,0
DA:8,0
DA:11,0
LF:5
LH:1
BRDA:7,0,0,0
BRDA:7,0,1,0
BRF:2
BRH:0
end_of_record
TN:
SF:src\hooks\useSignup.js
FN:5,(anonymous_0)
FN:11,(anonymous_1)
FNF:2
FNH:2
FNDA:5,(anonymous_0)
FNDA:1,(anonymous_1)
DA:5,1
DA:6,5
DA:7,5
DA:9,5
DA:11,5
DA:12,1
DA:13,1
DA:16,1
DA:24,1
DA:26,1
DA:27,0
DA:28,0
DA:31,1
DA:33,1
DA:34,1
DA:36,1
DA:41,5
LF:17
LH:15
BRDA:26,0,0,0
BRDA:26,0,1,1
BRDA:31,1,0,1
BRDA:31,1,1,0
BRF:4
BRH:2
end_of_record
TN:
SF:src\modals\NotificationModal.js
FN:4,(anonymous_0)
FN:5,(anonymous_1)
FN:8,(anonymous_2)
FN:13,(anonymous_3)
FNF:4
FNH:3
FNDA:7,(anonymous_0)
FNDA:7,(anonymous_1)
FNDA:0,(anonymous_2)
FNDA:7,(anonymous_3)
DA:4,1
DA:5,7
DA:7,7
DA:8,1
DA:9,0
DA:13,7
DA:16,7
LF:7
LH:6
BRDA:7,0,0,1
BRDA:7,0,1,6
BRF:2
BRH:2
end_of_record
TN:
SF:src\pages\Signup.js
FN:5,(anonymous_0)
FN:11,(anonymous_1)
FN:29,(anonymous_2)
FN:37,(anonymous_3)
FN:45,(anonymous_4)
FNF:5
FNH:5
FNDA:5,(anonymous_0)
FNDA:1,(anonymous_1)
FNDA:1,(anonymous_2)
FNDA:1,(anonymous_3)
FNDA:1,(anonymous_4)
DA:5,1
DA:6,5
DA:7,5
DA:8,5
DA:9,5
DA:11,5
DA:12,1
DA:13,1
DA:16,5
DA:29,1
DA:37,1
DA:45,1
LF:12
LH:12
BRDA:52,0,0,5
BRDA:52,0,1,0
BRF:2
BRH:1
end_of_record
